<?xml version="1.0" encoding="UTF-8"?>
<testng-results ignored="0" total="1" passed="1" failed="0" skipped="0">
  <reporter-output>
  </reporter-output>
  <suite started-at="2022-12-08T17:57:59 IST" name="Default suite" finished-at="2022-12-08T17:58:08 IST" duration-ms="8972">
    <groups>
    </groups>
    <test started-at="2022-12-08T17:57:59 IST" name="Default test" finished-at="2022-12-08T17:58:08 IST" duration-ms="8972">
      <class name="com.inn.nrc.testcases.LoginTest">
        <test-method is-config="true" signature="setUp()[pri:0, instance:com.inn.nrc.testcases.LoginTest@58695725]" started-at="2022-12-08T17:57:59 IST" name="setUp" finished-at="2022-12-08T17:58:04 IST" duration-ms="4792" status="PASS">
          <reporter-output>
          </reporter-output>
        </test-method> <!-- setUp -->
        <test-method signature="loginTest()[pri:1, instance:com.inn.nrc.testcases.LoginTest@58695725]" started-at="2022-12-08T17:58:04 IST" name="loginTest" finished-at="2022-12-08T17:58:08 IST" duration-ms="4128" status="PASS">
          <reporter-output>
          </reporter-output>
        </test-method> <!-- loginTest -->
        <test-method is-config="true" signature="tearDown()[pri:0, instance:com.inn.nrc.testcases.LoginTest@58695725]" started-at="2022-12-08T17:58:08 IST" name="tearDown" finished-at="2022-12-08T17:58:08 IST" duration-ms="1" status="PASS">
          <reporter-output>
          </reporter-output>
        </test-method> <!-- tearDown -->
      </class> <!-- com.inn.nrc.testcases.LoginTest -->
    </test> <!-- Default test -->
  </suite> <!-- Default suite -->
</testng-results>
